Collecting pillow==10.3.0
  Using cached pillow-10.3.0-cp310-cp310-manylinux_2_28_x86_64.whl (4.5 MB)
Collecting channels==4.0.0
  Using cached channels-4.0.0-py3-none-any.whl (28 kB)
Collecting crispy-bootstrap4==2023.1
  Using cached crispy_bootstrap4-2023.1-py3-none-any.whl (22 kB)
Collecting daphne==4.1.0
  Using cached daphne-4.1.0-py3-none-any.whl (30 kB)
Collecting Django==5.0.2
  Using cached Django-5.0.2-py3-none-any.whl (8.2 MB)
Collecting django-crispy-forms==2.1
  Using cached django_crispy_forms-2.1-py3-none-any.whl (31 kB)
Collecting docker==7.0.0
  Using cached docker-7.0.0-py3-none-any.whl (147 kB)
Collecting psycopg2==2.9.9
  Using cached psycopg2-2.9.9.tar.gz (384 kB)
  Preparing metadata (setup.py): started
  Preparing metadata (setup.py): finished with status 'done'
Requirement already satisfied: psycopg2-binary==2.9.1 in /usr/local/lib/python3.10/dist-packages (from -r requirements.txt (line 9)) (2.9.1)
Collecting pytest==8.0.2
  Using cached pytest-8.0.2-py3-none-any.whl (333 kB)
Collecting asgiref<4,>=3.5.0
  Using cached asgiref-3.8.1-py3-none-any.whl (23 kB)
Collecting autobahn>=22.4.2
  Using cached autobahn-23.6.2-py2.py3-none-any.whl
Collecting twisted[tls]>=22.4
  Using cached twisted-24.3.0-py3-none-any.whl (3.2 MB)
Requirement already satisfied: sqlparse>=0.3.1 in /usr/local/lib/python3.10/dist-packages (from Django==5.0.2->-r requirements.txt (line 5)) (0.5.0)
Requirement already satisfied: urllib3>=1.26.0 in /usr/lib/python3/dist-packages (from docker==7.0.0->-r requirements.txt (line 7)) (1.26.5)
Collecting requests>=2.26.0
  Using cached requests-2.31.0-py3-none-any.whl (62 kB)
Collecting packaging>=14.0
  Using cached packaging-24.0-py3-none-any.whl (53 kB)
Requirement already satisfied: tomli>=1.0.0 in /usr/local/lib/python3.10/dist-packages (from pytest==8.0.2->-r requirements.txt (line 10)) (2.0.1)
Collecting iniconfig
  Using cached iniconfig-2.0.0-py3-none-any.whl (5.9 kB)
Collecting exceptiongroup>=1.0.0rc8
  Using cached exceptiongroup-1.2.0-py3-none-any.whl (16 kB)
Collecting pluggy<2.0,>=1.3.0
  Using cached pluggy-1.4.0-py3-none-any.whl (20 kB)
Requirement already satisfied: typing-extensions>=4 in /usr/local/lib/python3.10/dist-packages (from asgiref<4,>=3.5.0->channels==4.0.0->-r requirements.txt (line 2)) (4.11.0)
Requirement already satisfied: hyperlink>=21.0.0 in /usr/lib/python3/dist-packages (from autobahn>=22.4.2->daphne==4.1.0->-r requirements.txt (line 4)) (21.0.0)
Requirement already satisfied: setuptools in /usr/lib/python3/dist-packages (from autobahn>=22.4.2->daphne==4.1.0->-r requirements.txt (line 4)) (59.6.0)
Requirement already satisfied: txaio>=21.2.1 in /usr/local/lib/python3.10/dist-packages (from autobahn>=22.4.2->daphne==4.1.0->-r requirements.txt (line 4)) (23.1.1)
Requirement already satisfied: cryptography>=3.4.6 in /usr/lib/python3/dist-packages (from autobahn>=22.4.2->daphne==4.1.0->-r requirements.txt (line 4)) (3.4.8)
Collecting charset-normalizer<4,>=2
  Using cached charset_normalizer-3.3.2-cp310-cp310-manylinux_2_17_x86_64.manylinux2014_x86_64.whl (142 kB)
Requirement already satisfied: certifi>=2017.4.17 in /usr/lib/python3/dist-packages (from requests>=2.26.0->docker==7.0.0->-r requirements.txt (line 7)) (2020.6.20)
Requirement already satisfied: idna<4,>=2.5 in /usr/lib/python3/dist-packages (from requests>=2.26.0->docker==7.0.0->-r requirements.txt (line 7)) (3.3)
Requirement already satisfied: zope-interface>=5 in /usr/lib/python3/dist-packages (from twisted[tls]>=22.4->daphne==4.1.0->-r requirements.txt (line 4)) (5.4.0)
Requirement already satisfied: constantly>=15.1 in /usr/lib/python3/dist-packages (from twisted[tls]>=22.4->daphne==4.1.0->-r requirements.txt (line 4)) (15.1.0)
Requirement already satisfied: automat>=0.8.0 in /usr/lib/python3/dist-packages (from twisted[tls]>=22.4->daphne==4.1.0->-r requirements.txt (line 4)) (20.2.0)
Collecting attrs>=21.3.0
  Using cached attrs-23.2.0-py3-none-any.whl (60 kB)
Requirement already satisfied: incremental>=22.10.0 in /usr/local/lib/python3.10/dist-packages (from twisted[tls]>=22.4->daphne==4.1.0->-r requirements.txt (line 4)) (22.10.0)
Requirement already satisfied: pyopenssl>=21.0.0 in /usr/lib/python3/dist-packages (from twisted[tls]>=22.4->daphne==4.1.0->-r requirements.txt (line 4)) (21.0.0)
Requirement already satisfied: service-identity>=18.1.0 in /usr/lib/python3/dist-packages (from twisted[tls]>=22.4->daphne==4.1.0->-r requirements.txt (line 4)) (18.1.0)
Building wheels for collected packages: psycopg2
  Building wheel for psycopg2 (setup.py): started
  Building wheel for psycopg2 (setup.py): finished with status 'error'
  Running setup.py clean for psycopg2
Failed to build psycopg2
Installing collected packages: psycopg2, pluggy, pillow, packaging, iniconfig, exceptiongroup, charset-normalizer, autobahn, attrs, asgiref, twisted, requests, pytest, Django, docker, django-crispy-forms, channels, daphne, crispy-bootstrap4
  Running setup.py install for psycopg2: started
  Running setup.py install for psycopg2: finished with status 'error'
